<?xml version="1.0" encoding="UTF-8" ?>
<testsuite errors="0" failures="2" hostname="dansan-cortex" name="core.phase_4" tests="99" time="89.5081" timestamp="2020-07-06T21:37:29+00:00">
  <properties>
    <property name="os.arch" value="x86_64" />
    <property name="os.name" value="Linux" />
    <property name="os.version" value="5.6.16-1-MANJARO" />
    <property name="user.home" value="/home/dansan" />
    <property name="user.name" value="dansan" />
  </properties>
  <testcase classname="core.regressiontests" name="issue-105.sli" time="0.435775" />
  <testcase classname="core.regressiontests" name="issue-1085.sli" time="3.02179">
    <failure message="134 (Failed: missed C++ assertion)" type=""><![CDATA[
Running  mpirun -np 1 /home/dansan/nest2.20/bin/nest /home/dansan/nest2.20/share/doc/nest/regressiontests/issue-1085.sli
[INFO] [2020.7.6 23:37:30 /home/dansan/neuromorphic/source/snn/nest-simulator-2.20.0/nestkernel/rng_manager.cpp:217 @ Network::create_rngs_] : Creating default RNGs
[INFO] [2020.7.6 23:37:30 /home/dansan/neuromorphic/source/snn/nest-simulator-2.20.0/nestkernel/rng_manager.cpp:260 @ Network::create_grng_] : Creating new default global RNG
NEST nest-2.20.0 (C) 2004 The NEST Initiative
nest: /home/dansan/neuromorphic/source/snn/nest-simulator-2.20.0/nestkernel/target_data.h:264: void nest::TargetData::set_source_lid(nest::index): Assertion `source_lid < MAX_LID' failed.
[dansan-cortex:61616] *** Process received signal ***
[dansan-cortex:61616] Signal: Aborted (6)
[dansan-cortex:61616] Signal code:  (-6)
[dansan-cortex:61616] [ 0] /usr/lib/libpthread.so.0(+0x14960)[0x7f7003716960]
[dansan-cortex:61616] [ 1] /usr/lib/libc.so.6(gsignal+0x145)[0x7f7003577355]
[dansan-cortex:61616] [ 2] /usr/lib/libc.so.6(abort+0x127)[0x7f7003560853]
[dansan-cortex:61616] [ 3] /usr/lib/libc.so.6(+0x25727)[0x7f7003560727]
[dansan-cortex:61616] [ 4] /usr/lib/libc.so.6(+0x34936)[0x7f700356f936]
[dansan-cortex:61616] [ 5] /home/dansan/nest2.20/bin/../lib/libnestkernel.so(_ZN4nest11SourceTable20get_next_target_dataEiiiRiRNS_10TargetDataE+0x619)[0x7f70041c6669]
[dansan-cortex:61616] [ 6] /home/dansan/nest2.20/bin/../lib/libnestkernel.so(_ZN4nest20EventDeliveryManager30collocate_target_data_buffers_EiRKNS_13AssignedRanksERNS_18SendBufferPositionE+0x13d)[0x7f70041b439d]
[dansan-cortex:61616] [ 7] /home/dansan/nest2.20/bin/../lib/libnestkernel.so(_ZN4nest20EventDeliveryManager18gather_target_dataEi+0x2c2)[0x7f70041b57e2]
[dansan-cortex:61616] [ 8] /home/dansan/nest2.20/bin/../lib/libnestkernel.so(_ZN4nest17SimulationManager32update_connection_infrastructureEi+0xd7)[0x7f7004195147]
[dansan-cortex:61616] [ 9] /home/dansan/nest2.20/bin/../lib/libnestkernel.so(+0xef6c9)[0x7f700419d6c9]
[dansan-cortex:61616] [10] /usr/lib/libgomp.so.1(GOMP_parallel+0x46)[0x7f70037526b6]
[dansan-cortex:61616] [11] /home/dansan/nest2.20/bin/../lib/libnestkernel.so(_ZNK4nest17ConnectionManager15get_connectionsERK12lockPTRDatumI10DictionaryXadL_ZN14SLIInterpreter14DictionarytypeEEEE+0x68a)[0x7f70041a1f2a]
[dansan-cortex:61616] [12] /home/dansan/nest2.20/bin/../lib/libnestkernel.so(_ZN4nest15get_connectionsERK12lockPTRDatumI10DictionaryXadL_ZN14SLIInterpreter14DictionarytypeEEEE+0x63)[0x7f70041836e3]
[dansan-cortex:61616] [13] /home/dansan/nest2.20/bin/../lib/libnestkernel.so(_ZNK4nest10NestModule24GetConnections_DFunction7executeEP14SLIInterpreter+0x4f)[0x7f700415e61f]
[dansan-cortex:61616] [14] /home/dansan/nest2.20/bin/../lib/libsli.so(_ZN14SLIInterpreter8execute_Em+0x262)[0x7f7003e56b02]
[dansan-cortex:61616] [15] /home/dansan/nest2.20/bin/nest(main+0x4c)[0x55583a2b383c]
[dansan-cortex:61616] [16] /usr/lib/libc.so.6(__libc_start_main+0xf2)[0x7f7003562002]
[dansan-cortex:61616] [17] /home/dansan/nest2.20/bin/nest(_start+0x2e)[0x55583a2b3ece]
[dansan-cortex:61616] *** End of error message ***
--------------------------------------------------------------------------
Primary job  terminated normally, but 1 process returned
a non-zero exit code. Per user-direction, the job has been aborted.
--------------------------------------------------------------------------
--------------------------------------------------------------------------
mpirun noticed that process rank 0 with PID 0 on node dansan-cortex exited on signal 6 (Aborted).
--------------------------------------------------------------------------
]]></failure>
  </testcase>
  <testcase classname="core.regressiontests" name="issue-1100.sli" time="0.508067" />
  <testcase classname="core.regressiontests" name="issue-1140.sli" time="0.413213" />
  <testcase classname="core.regressiontests" name="issue-1212.sli" time="0.431766" />
  <testcase classname="core.regressiontests" name="issue-1242.sli" time="0.420654" />
  <testcase classname="core.regressiontests" name="issue-1305.sli" time="0.388182" />
  <testcase classname="core.regressiontests" name="issue-1366.sli" time="0.38862" />
  <testcase classname="core.regressiontests" name="issue-211.sli" time="0.493074" />
  <testcase classname="core.regressiontests" name="issue-264.sli" time="0.509901" />
  <testcase classname="core.regressiontests" name="issue-311.sli" time="0.87898" />
  <testcase classname="core.regressiontests" name="issue-327.sli" time="5.70308" />
  <testcase classname="core.regressiontests" name="issue-351.sli" time="0.454829" />
  <testcase classname="core.regressiontests" name="issue-368.sli" time="0.467592" />
  <testcase classname="core.regressiontests" name="issue-410.sli" time="2.89894">
    <failure message="134 (Failed: missed C++ assertion)" type=""><![CDATA[
Running  mpirun -np 1 /home/dansan/nest2.20/bin/nest /home/dansan/nest2.20/share/doc/nest/regressiontests/issue-410.sli
[INFO] [2020.7.6 23:37:45 /home/dansan/neuromorphic/source/snn/nest-simulator-2.20.0/nestkernel/rng_manager.cpp:217 @ Network::create_rngs_] : Creating default RNGs
[INFO] [2020.7.6 23:37:45 /home/dansan/neuromorphic/source/snn/nest-simulator-2.20.0/nestkernel/rng_manager.cpp:260 @ Network::create_grng_] : Creating new default global RNG
NEST nest-2.20.0 (C) 2004 The NEST Initiative
nest: /home/dansan/neuromorphic/source/snn/nest-simulator-2.20.0/nestkernel/target_data.h:264: void nest::TargetData::set_source_lid(nest::index): Assertion `source_lid < MAX_LID' failed.
[dansan-cortex:62062] *** Process received signal ***
[dansan-cortex:62062] Signal: Aborted (6)
[dansan-cortex:62062] Signal code:  (-6)
[dansan-cortex:62062] [ 0] /usr/lib/libpthread.so.0(+0x14960)[0x7f1aeb8d3960]
[dansan-cortex:62062] [ 1] /usr/lib/libc.so.6(gsignal+0x145)[0x7f1aeb734355]
[dansan-cortex:62062] [ 2] /usr/lib/libc.so.6(abort+0x127)[0x7f1aeb71d853]
[dansan-cortex:62062] [ 3] /usr/lib/libc.so.6(+0x25727)[0x7f1aeb71d727]
[dansan-cortex:62062] [ 4] /usr/lib/libc.so.6(+0x34936)[0x7f1aeb72c936]
[dansan-cortex:62062] [ 5] /home/dansan/nest2.20/bin/../lib/libnestkernel.so(_ZN4nest11SourceTable20get_next_target_dataEiiiRiRNS_10TargetDataE+0x619)[0x7f1aec383669]
[dansan-cortex:62062] [ 6] /home/dansan/nest2.20/bin/../lib/libnestkernel.so(_ZN4nest20EventDeliveryManager30collocate_target_data_buffers_EiRKNS_13AssignedRanksERNS_18SendBufferPositionE+0x13d)[0x7f1aec37139d]
[dansan-cortex:62062] [ 7] /home/dansan/nest2.20/bin/../lib/libnestkernel.so(_ZN4nest20EventDeliveryManager18gather_target_dataEi+0x2c2)[0x7f1aec3727e2]
[dansan-cortex:62062] [ 8] /home/dansan/nest2.20/bin/../lib/libnestkernel.so(_ZN4nest17SimulationManager32update_connection_infrastructureEi+0xd7)[0x7f1aec352147]
[dansan-cortex:62062] [ 9] /home/dansan/nest2.20/bin/../lib/libnestkernel.so(+0xe7230)[0x7f1aec352230]
[dansan-cortex:62062] [10] /usr/lib/libgomp.so.1(GOMP_parallel+0x46)[0x7f1aeb90f6b6]
[dansan-cortex:62062] [11] /home/dansan/nest2.20/bin/../lib/libnestkernel.so(_ZN4nest17SimulationManager7prepareEv+0x4ea)[0x7f1aec357bea]
[dansan-cortex:62062] [12] /home/dansan/nest2.20/bin/../lib/libnestkernel.so(_ZN4nest17SimulationManager8simulateERKNS_4TimeE+0x12)[0x7f1aec35a032]
[dansan-cortex:62062] [13] /home/dansan/nest2.20/bin/../lib/libnestkernel.so(_ZN4nest8simulateERKd+0xbc)[0x7f1aec3409ac]
[dansan-cortex:62062] [14] /home/dansan/nest2.20/bin/../lib/libnestkernel.so(_ZNK4nest10NestModule16SimulateFunction7executeEP14SLIInterpreter+0x45)[0x7f1aec318e95]
[dansan-cortex:62062] [15] /home/dansan/nest2.20/bin/../lib/libsli.so(_ZN14SLIInterpreter8execute_Em+0x262)[0x7f1aec013b02]
[dansan-cortex:62062] [16] /home/dansan/nest2.20/bin/nest(main+0x4c)[0x5567beba783c]
[dansan-cortex:62062] [17] /usr/lib/libc.so.6(__libc_start_main+0xf2)[0x7f1aeb71f002]
[dansan-cortex:62062] [18] /home/dansan/nest2.20/bin/nest(_start+0x2e)[0x5567beba7ece]
[dansan-cortex:62062] *** End of error message ***
--------------------------------------------------------------------------
Primary job  terminated normally, but 1 process returned
a non-zero exit code. Per user-direction, the job has been aborted.
--------------------------------------------------------------------------
--------------------------------------------------------------------------
mpirun noticed that process rank 0 with PID 0 on node dansan-cortex exited on signal 6 (Aborted).
--------------------------------------------------------------------------
]]></failure>
  </testcase>
  <testcase classname="core.regressiontests" name="issue-437.sli" time="0.510622" />
  <testcase classname="core.regressiontests" name="issue-521.sli" time="0.580248" />
  <testcase classname="core.regressiontests" name="issue-527.sli" time="0.58777" />
  <testcase classname="core.regressiontests" name="issue-545.sli" time="0.542371" />
  <testcase classname="core.regressiontests" name="issue-596.sli" time="0.494618" />
  <testcase classname="core.regressiontests" name="issue-659.sli" time="0.498719" />
  <testcase classname="core.regressiontests" name="issue-665.sli" time="0.712121" />
  <testcase classname="core.regressiontests" name="issue-707.sli" time="0.492802" />
  <testcase classname="core.regressiontests" name="issue-708.sli" time="0.453034" />
  <testcase classname="core.regressiontests" name="issue-735.sli" time="0.671455" />
  <testcase classname="core.regressiontests" name="issue-737.sli" time="0.498" />
  <testcase classname="core.regressiontests" name="issue-737-threads.sli" time="0.459246" />
  <testcase classname="core.regressiontests" name="issue-740.sli" time="0.489445" />
  <testcase classname="core.regressiontests" name="issue-77.sli" time="1.21543" />
  <testcase classname="core.regressiontests" name="issue-832.sli" time="0.526346" />
  <testcase classname="core.regressiontests" name="issue-888.sli" time="4.98662" />
  <testcase classname="core.regressiontests" name="ticket-156.sli" time="0.488112" />
  <testcase classname="core.regressiontests" name="ticket-157.sli" time="0.488582" />
  <testcase classname="core.regressiontests" name="ticket-235.sli" time="1.43364" />
  <testcase classname="core.regressiontests" name="ticket-293.sli" time="0.519252" />
  <testcase classname="core.regressiontests" name="ticket-310.sli" time="0.907214" />
  <testcase classname="core.regressiontests" name="ticket-333.sli" time="0.471123" />
  <testcase classname="core.regressiontests" name="ticket-336-serial.sli" time="0.503038" />
  <testcase classname="core.regressiontests" name="ticket-349.sli" time="0.510224" />
  <testcase classname="core.regressiontests" name="ticket-382.sli" time="0.487141" />
  <testcase classname="core.regressiontests" name="ticket-386.sli" time="1.05869" />
  <testcase classname="core.regressiontests" name="ticket-396.sli" time="0.55151" />
  <testcase classname="core.regressiontests" name="ticket-399.sli" time="0.455342" />
  <testcase classname="core.regressiontests" name="ticket-414.sli" time="0.443252" />
  <testcase classname="core.regressiontests" name="ticket-421.sli" time="0.942761" />
  <testcase classname="core.regressiontests" name="ticket-433.sli" time="0.709898" />
  <testcase classname="core.regressiontests" name="ticket-451.sli" time="0.392826" />
  <testcase classname="core.regressiontests" name="ticket-452.sli" time="0.462267" />
  <testcase classname="core.regressiontests" name="ticket-459.sli" time="0.401743" />
  <testcase classname="core.regressiontests" name="ticket-464.sli" time="1.36414" />
  <testcase classname="core.regressiontests" name="ticket-466.sli" time="1.48324" />
  <testcase classname="core.regressiontests" name="ticket-475.sli" time="0.504161" />
  <testcase classname="core.regressiontests" name="ticket-478.sli" time="5.49552" />
  <testcase classname="core.regressiontests" name="ticket-481.sli" time="0.46056" />
  <testcase classname="core.regressiontests" name="ticket-507.sli" time="0.512348" />
  <testcase classname="core.regressiontests" name="ticket-514.sli" time="0.770111" />
  <testcase classname="core.regressiontests" name="ticket-519.sli" time="0.519767" />
  <testcase classname="core.regressiontests" name="ticket-520.sli" time="0.715143" />
  <testcase classname="core.regressiontests" name="ticket-528.sli" time="0.411701" />
  <testcase classname="core.regressiontests" name="ticket-537.sli" time="0.501361" />
  <testcase classname="core.regressiontests" name="ticket-543.sli" time="0.490136" />
  <testcase classname="core.regressiontests" name="ticket-564.sli" time="0.591429" />
  <testcase classname="core.regressiontests" name="ticket-566.sli" time="0.399328" />
  <testcase classname="core.regressiontests" name="ticket-573.sli" time="0.446118" />
  <testcase classname="core.regressiontests" name="ticket-580.sli" time="0.47239" />
  <testcase classname="core.regressiontests" name="ticket-618.sli" time="0.968068" />
  <testcase classname="core.regressiontests" name="ticket-619.sli" time="0.407417" />
  <testcase classname="core.regressiontests" name="ticket-638.sli" time="0.487833" />
  <testcase classname="core.regressiontests" name="ticket-643.sli" time="1.01726" />
  <testcase classname="core.regressiontests" name="ticket-673.sli" time="0.493696" />
  <testcase classname="core.regressiontests" name="ticket-681.sli" time="1.42894" />
  <testcase classname="core.regressiontests" name="ticket-683.sli" time="0.576825" />
  <testcase classname="core.regressiontests" name="ticket-686-positive-parameters.sli" time="1.41035" />
  <testcase classname="core.regressiontests" name="ticket-689.sli" time="0.440621" />
  <testcase classname="core.regressiontests" name="ticket-692-getconnections-args.sli" time="5.15431" />
  <testcase classname="core.regressiontests" name="ticket-710.sli" time="0.435647" />
  <testcase classname="core.regressiontests" name="ticket-716.sli" time="0.487219" />
  <testcase classname="core.regressiontests" name="ticket-733.sli" time="0.367744" />
  <testcase classname="core.regressiontests" name="ticket-737.sli" time="0.748379" />
  <testcase classname="core.regressiontests" name="ticket-748.sli" time="0.381036" />
  <testcase classname="core.regressiontests" name="ticket-754.sli" time="0.512104" />
  <testcase classname="core.regressiontests" name="ticket-772.sli" time="0.480453" />
  <testcase classname="core.regressiontests" name="ticket-777.sli" time="0.376105" />
  <testcase classname="core.regressiontests" name="ticket-784.sli" time="0.363857" />
  <testcase classname="core.regressiontests" name="ticket-785.sli" time="0.43323" />
  <testcase classname="core.regressiontests" name="ticket-787.sli" time="1.46093" />
  <testcase classname="core.regressiontests" name="ticket-798.sli" time="1.02257" />
  <testcase classname="core.regressiontests" name="ticket-800.sli" time="0.90129" />
  <testcase classname="core.regressiontests" name="ticket-80-175-179.sli" time="0.599215" />
  <testcase classname="core.regressiontests" name="ticket-85.sli" time="1.2502" />
  <testcase classname="core.regressiontests" name="ticket-881.sli" time="0.542553" />
  <testcase classname="core.regressiontests" name="ticket-903.sli" time="0.488768" />
  <testcase classname="core.regressiontests" name="ticket-921.sli" time="0.43606" />
  <testcase classname="core.regressiontests" name="ticket-926.sli" time="1.46605" />
  <testcase classname="core.regressiontests" name="ticket-933.sli" time="0.443057" />
  <testcase classname="core.regressiontests" name="ticket-941.sli" time="4.88762" />
  <testcase classname="core.regressiontests" name="ticket-949.sli" time="0.469526" />
  <testcase classname="core.regressiontests" name="ticket-959.sli" time="0.531586" />
  <testcase classname="core.regressiontests" name="issue-779-1016.py" time="0.540925" />
  <system-out><![CDATA[]]></system-out>
  <system-err><![CDATA[]]></system-err>
</testsuite>
