<?xml version="1.0" encoding="UTF-8" ?>
<testsuite errors="0" failures="2" hostname="dansan-cortex" name="core.phase_3" tests="188" time="205.889" timestamp="2020-07-06T21:33:46+00:00">
  <properties>
    <property name="os.arch" value="x86_64" />
    <property name="os.name" value="Linux" />
    <property name="os.version" value="5.6.16-1-MANJARO" />
    <property name="user.home" value="/home/dansan" />
    <property name="user.name" value="dansan" />
  </properties>
  <testcase classname="core.unittests" name="issue-463.sli" time="0.518472" />
  <testcase classname="core.unittests" name="issue-565.sli" time="0.493527" />
  <testcase classname="core.unittests" name="model_node_init.sli" time="0.467254" />
  <testcase classname="core.unittests" name="test_ac_generator.sli" time="0.498427" />
  <testcase classname="core.unittests" name="test_add_freeze_thaw.sli" time="0.602196" />
  <testcase classname="core.unittests" name="test_aeif_cond_alpha_multisynapse.sli" time="1.13721" />
  <testcase classname="core.unittests" name="test_aeif_cond_beta_multisynapse.sli" time="0.602462" />
  <testcase classname="core.unittests" name="test_amat2_psc_exp.sli" time="0.506275" />
  <testcase classname="core.unittests" name="test_bernoulli_synapse.sli" time="0.689821" />
  <testcase classname="core.unittests" name="test_binary.sli" time="0.562484" />
  <testcase classname="core.unittests" name="test_common_props_setting.sli" time="0.489586" />
  <testcase classname="core.unittests" name="test_compare_delta.sli" time="0.512233" />
  <testcase classname="core.unittests" name="test_cond_exp_models.sli" time="0.653519" />
  <testcase classname="core.unittests" name="test_connect_after_simulate.sli" time="2.875">
    <failure message="134 (Failed: missed C++ assertion)" type=""><![CDATA[
Running  mpirun -np 1 /home/dansan/nest2.20/bin/nest /home/dansan/nest2.20/share/doc/nest/unittests/test_connect_after_simulate.sli
[INFO] [2020.7.6 23:33:55 /home/dansan/neuromorphic/source/snn/nest-simulator-2.20.0/nestkernel/rng_manager.cpp:217 @ Network::create_rngs_] : Creating default RNGs
[INFO] [2020.7.6 23:33:55 /home/dansan/neuromorphic/source/snn/nest-simulator-2.20.0/nestkernel/rng_manager.cpp:260 @ Network::create_grng_] : Creating new default global RNG
NEST nest-2.20.0 (C) 2004 The NEST Initiative
nest: /home/dansan/neuromorphic/source/snn/nest-simulator-2.20.0/nestkernel/target_data.h:264: void nest::TargetData::set_source_lid(nest::index): Assertion `source_lid < MAX_LID' failed.
[dansan-cortex:55639] *** Process received signal ***
[dansan-cortex:55639] Signal: Aborted (6)
[dansan-cortex:55639] Signal code:  (-6)
[dansan-cortex:55639] [ 0] /usr/lib/libpthread.so.0(+0x14960)[0x7fea4ab8c960]
[dansan-cortex:55639] [ 1] /usr/lib/libc.so.6(gsignal+0x145)[0x7fea4a9ed355]
[dansan-cortex:55639] [ 2] /usr/lib/libc.so.6(abort+0x127)[0x7fea4a9d6853]
[dansan-cortex:55639] [ 3] /usr/lib/libc.so.6(+0x25727)[0x7fea4a9d6727]
[dansan-cortex:55639] [ 4] /usr/lib/libc.so.6(+0x34936)[0x7fea4a9e5936]
[dansan-cortex:55639] [ 5] /home/dansan/nest2.20/bin/../lib/libnestkernel.so(_ZN4nest11SourceTable20get_next_target_dataEiiiRiRNS_10TargetDataE+0x619)[0x7fea4b63c669]
[dansan-cortex:55639] [ 6] /home/dansan/nest2.20/bin/../lib/libnestkernel.so(_ZN4nest20EventDeliveryManager30collocate_target_data_buffers_EiRKNS_13AssignedRanksERNS_18SendBufferPositionE+0x13d)[0x7fea4b62a39d]
[dansan-cortex:55639] [ 7] /home/dansan/nest2.20/bin/../lib/libnestkernel.so(_ZN4nest20EventDeliveryManager18gather_target_dataEi+0x2c2)[0x7fea4b62b7e2]
[dansan-cortex:55639] [ 8] /home/dansan/nest2.20/bin/../lib/libnestkernel.so(_ZN4nest17SimulationManager32update_connection_infrastructureEi+0xd7)[0x7fea4b60b147]
[dansan-cortex:55639] [ 9] /home/dansan/nest2.20/bin/../lib/libnestkernel.so(+0xef6c9)[0x7fea4b6136c9]
[dansan-cortex:55639] [10] /usr/lib/libgomp.so.1(GOMP_parallel+0x46)[0x7fea4abc86b6]
[dansan-cortex:55639] [11] /home/dansan/nest2.20/bin/../lib/libnestkernel.so(_ZNK4nest17ConnectionManager15get_connectionsERK12lockPTRDatumI10DictionaryXadL_ZN14SLIInterpreter14DictionarytypeEEEE+0x68a)[0x7fea4b617f2a]
[dansan-cortex:55639] [12] /home/dansan/nest2.20/bin/../lib/libnestkernel.so(_ZN4nest15get_connectionsERK12lockPTRDatumI10DictionaryXadL_ZN14SLIInterpreter14DictionarytypeEEEE+0x63)[0x7fea4b5f96e3]
[dansan-cortex:55639] [13] /home/dansan/nest2.20/bin/../lib/libnestkernel.so(_ZNK4nest10NestModule24GetConnections_DFunction7executeEP14SLIInterpreter+0x4f)[0x7fea4b5d461f]
[dansan-cortex:55639] [14] /home/dansan/nest2.20/bin/../lib/libsli.so(_ZN14SLIInterpreter8execute_Em+0x262)[0x7fea4b2ccb02]
[dansan-cortex:55639] [15] /home/dansan/nest2.20/bin/nest(main+0x4c)[0x56005e51f83c]
[dansan-cortex:55639] [16] /usr/lib/libc.so.6(__libc_start_main+0xf2)[0x7fea4a9d8002]
[dansan-cortex:55639] [17] /home/dansan/nest2.20/bin/nest(_start+0x2e)[0x56005e51fece]
[dansan-cortex:55639] *** End of error message ***
--------------------------------------------------------------------------
Primary job  terminated normally, but 1 process returned
a non-zero exit code. Per user-direction, the job has been aborted.
--------------------------------------------------------------------------
--------------------------------------------------------------------------
mpirun noticed that process rank 0 with PID 0 on node dansan-cortex exited on signal 6 (Aborted).
--------------------------------------------------------------------------
]]></failure>
  </testcase>
  <testcase classname="core.unittests" name="test_connect.sli" time="4.08244" />
  <testcase classname="core.unittests" name="test_cont_delay_synapse.sli" time="0.338771" />
  <testcase classname="core.unittests" name="test_copymodel.sli" time="5.18817" />
  <testcase classname="core.unittests" name="test_corr_det.sli" time="0.484089" />
  <testcase classname="core.unittests" name="test_correlospinmatrix_detector.sli" time="0.405178" />
  <testcase classname="core.unittests" name="test_corr_matrix_det.sli" time="0.496901" />
  <testcase classname="core.unittests" name="test_count_connections.sli" time="0.51543" />
  <testcase classname="core.unittests" name="test_cva.sli" time="0.455998" />
  <testcase classname="core.unittests" name="test_cvi.sli" time="0.381481" />
  <testcase classname="core.unittests" name="test_DataConnect.sli" time="0.455306" />
  <testcase classname="core.unittests" name="test_dcgen_versus_I_e.sli" time="2.45562" />
  <testcase classname="core.unittests" name="test_default_delays_weights.sli" time="0.519571" />
  <testcase classname="core.unittests" name="test_delay_after_res_change.sli" time="0.37871" />
  <testcase classname="core.unittests" name="test_delay_check.sli" time="0.485597" />
  <testcase classname="core.unittests" name="test_dirname.sli" time="0.444712" />
  <testcase classname="core.unittests" name="test_DoubleVector_IntVector.sli" time="0.495929" />
  <testcase classname="core.unittests" name="test_fast_operators.sli" time="1.40488" />
  <testcase classname="core.unittests" name="test_gamma_sup_generator.sli" time="0.849342" />
  <testcase classname="core.unittests" name="test_gap_junction.sli" time="0.513861" />
  <testcase classname="core.unittests" name="test_GetConnections.sli" time="2.83827">
    <failure message="134 (Failed: missed C++ assertion)" type=""><![CDATA[
Running  mpirun -np 1 /home/dansan/nest2.20/bin/nest /home/dansan/nest2.20/share/doc/nest/unittests/test_GetConnections.sli
[INFO] [2020.7.6 23:34:20 /home/dansan/neuromorphic/source/snn/nest-simulator-2.20.0/nestkernel/rng_manager.cpp:217 @ Network::create_rngs_] : Creating default RNGs
[INFO] [2020.7.6 23:34:20 /home/dansan/neuromorphic/source/snn/nest-simulator-2.20.0/nestkernel/rng_manager.cpp:260 @ Network::create_grng_] : Creating new default global RNG
NEST nest-2.20.0 (C) 2004 The NEST Initiative

Jul 06 23:34:20 ModelManager::clear_models_ [Info]: 
    Models will be cleared and parameters reset.

Jul 06 23:34:20 Network::create_rngs_ [Info]: 
    Deleting existing random number generators

Jul 06 23:34:20 Network::create_rngs_ [Info]: 
    Creating default RNGs

Jul 06 23:34:20 Network::create_grng_ [Info]: 
    Creating new default global RNG
nest: /home/dansan/neuromorphic/source/snn/nest-simulator-2.20.0/nestkernel/target_data.h:264: void nest::TargetData::set_source_lid(nest::index): Assertion `source_lid < MAX_LID' failed.
[dansan-cortex:56317] *** Process received signal ***
[dansan-cortex:56317] Signal: Aborted (6)
[dansan-cortex:56317] Signal code:  (-6)
[dansan-cortex:56317] [ 0] /usr/lib/libpthread.so.0(+0x14960)[0x7f672d005960]
[dansan-cortex:56317] [ 1] /usr/lib/libc.so.6(gsignal+0x145)[0x7f672ce66355]
[dansan-cortex:56317] [ 2] /usr/lib/libc.so.6(abort+0x127)[0x7f672ce4f853]
[dansan-cortex:56317] [ 3] /usr/lib/libc.so.6(+0x25727)[0x7f672ce4f727]
[dansan-cortex:56317] [ 4] /usr/lib/libc.so.6(+0x34936)[0x7f672ce5e936]
[dansan-cortex:56317] [ 5] /home/dansan/nest2.20/bin/../lib/libnestkernel.so(_ZN4nest11SourceTable20get_next_target_dataEiiiRiRNS_10TargetDataE+0x619)[0x7f672dab5669]
[dansan-cortex:56317] [ 6] /home/dansan/nest2.20/bin/../lib/libnestkernel.so(_ZN4nest20EventDeliveryManager30collocate_target_data_buffers_EiRKNS_13AssignedRanksERNS_18SendBufferPositionE+0x13d)[0x7f672daa339d]
[dansan-cortex:56317] [ 7] /home/dansan/nest2.20/bin/../lib/libnestkernel.so(_ZN4nest20EventDeliveryManager18gather_target_dataEi+0x2c2)[0x7f672daa47e2]
[dansan-cortex:56317] [ 8] /home/dansan/nest2.20/bin/../lib/libnestkernel.so(_ZN4nest17SimulationManager32update_connection_infrastructureEi+0xd7)[0x7f672da84147]
[dansan-cortex:56317] [ 9] /home/dansan/nest2.20/bin/../lib/libnestkernel.so(+0xef6c9)[0x7f672da8c6c9]
[dansan-cortex:56317] [10] /usr/lib/libgomp.so.1(GOMP_parallel+0x46)[0x7f672d0416b6]
[dansan-cortex:56317] [11] /home/dansan/nest2.20/bin/../lib/libnestkernel.so(_ZNK4nest17ConnectionManager15get_connectionsERK12lockPTRDatumI10DictionaryXadL_ZN14SLIInterpreter14DictionarytypeEEEE+0x68a)[0x7f672da90f2a]
[dansan-cortex:56317] [12] /home/dansan/nest2.20/bin/../lib/libnestkernel.so(_ZN4nest15get_connectionsERK12lockPTRDatumI10DictionaryXadL_ZN14SLIInterpreter14DictionarytypeEEEE+0x63)[0x7f672da726e3]
[dansan-cortex:56317] [13] /home/dansan/nest2.20/bin/../lib/libnestkernel.so(_ZNK4nest10NestModule24GetConnections_DFunction7executeEP14SLIInterpreter+0x4f)[0x7f672da4d61f]
[dansan-cortex:56317] [14] /home/dansan/nest2.20/bin/../lib/libsli.so(_ZN14SLIInterpreter8execute_Em+0x262)[0x7f672d745b02]
[dansan-cortex:56317] [15] /home/dansan/nest2.20/bin/nest(main+0x4c)[0x558972a8a83c]
[dansan-cortex:56317] [16] /usr/lib/libc.so.6(__libc_start_main+0xf2)[0x7f672ce51002]
[dansan-cortex:56317] [17] /home/dansan/nest2.20/bin/nest(_start+0x2e)[0x558972a8aece]
[dansan-cortex:56317] *** End of error message ***
--------------------------------------------------------------------------
Primary job  terminated normally, but 1 process returned
a non-zero exit code. Per user-direction, the job has been aborted.
--------------------------------------------------------------------------
--------------------------------------------------------------------------
mpirun noticed that process rank 0 with PID 0 on node dansan-cortex exited on signal 6 (Aborted).
--------------------------------------------------------------------------
]]></failure>
  </testcase>
  <testcase classname="core.unittests" name="test_getnodes.sli" time="0.447121" />
  <testcase classname="core.unittests" name="test_gif_cond_exp_multisynapse.sli" time="5.31808" />
  <testcase classname="core.unittests" name="test_gif_cond_exp.sli" time="0.491663" />
  <testcase classname="core.unittests" name="test_gif_pop_psc_exp.sli" time="2.92918" />
  <testcase classname="core.unittests" name="test_gif_psc_exp_multisynapse.sli" time="0.543413" />
  <testcase classname="core.unittests" name="test_gif_psc_exp.sli" time="0.438985" />
  <testcase classname="core.unittests" name="test_ginzburg_and_mcculloch.sli" time="0.461282" />
  <testcase classname="core.unittests" name="test_hh_cond_beta_gap_traub.sli" time="0.499114" />
  <testcase classname="core.unittests" name="test_hh_cond_exp_traub.sli" time="0.508284" />
  <testcase classname="core.unittests" name="test_hh_psc_alpha_gap.sli" time="0.531148" />
  <testcase classname="core.unittests" name="test_hpc_synapse.sli" time="1.26711" />
  <testcase classname="core.unittests" name="test_iaf_1to2_default_delay.sli" time="0.574232" />
  <testcase classname="core.unittests" name="test_iaf_1to2_ex.sli" time="0.481297" />
  <testcase classname="core.unittests" name="test_iaf_1to2.sli" time="0.43535" />
  <testcase classname="core.unittests" name="test_iaf_dc_aligned_automatic.sli" time="0.475467" />
  <testcase classname="core.unittests" name="test_iaf_dc_aligned_delay.sli" time="0.490379" />
  <testcase classname="core.unittests" name="test_iaf_dc_aligned.sli" time="0.537308" />
  <testcase classname="core.unittests" name="test_iaf_dc_aligned_stop.sli" time="0.542666" />
  <testcase classname="core.unittests" name="test_iaf_dc.sli" time="0.45114" />
  <testcase classname="core.unittests" name="test_iaf_fudge.sli" time="0.432516" />
  <testcase classname="core.unittests" name="test_iaf_i0_refractory.sli" time="0.532705" />
  <testcase classname="core.unittests" name="test_iaf_i0.sli" time="0.411017" />
  <testcase classname="core.unittests" name="test_iaf_min_delay_create.sli" time="5.33266" />
  <testcase classname="core.unittests" name="test_iaf_min_delay_set.sli" time="0.60274" />
  <testcase classname="core.unittests" name="test_iaf_min_delay_simblocks.sli" time="0.631284" />
  <testcase classname="core.unittests" name="test_iaf_psc_alpha_multisynapse.sli" time="0.682172" />
  <testcase classname="core.unittests" name="test_iaf_psc_exp_multisynapse.sli" time="0.520845" />
  <testcase classname="core.unittests" name="test_iaf_psc_exp_ps_lossless.sli" time="0.477495" />
  <testcase classname="core.unittests" name="test_iaf_psc_exp_ps.sli" time="0.508712" />
  <testcase classname="core.unittests" name="test_iaf_psc_exp.sli" time="0.414176" />
  <testcase classname="core.unittests" name="test_iaf_ps_dc_accuracy.sli" time="40.2035" />
  <testcase classname="core.unittests" name="test_iaf_ps_dc_t_accuracy.sli" time="5.41144" />
  <testcase classname="core.unittests" name="test_iaf_psp_normalized.sli" time="0.52379" />
  <testcase classname="core.unittests" name="test_iaf_psp_peak.sli" time="0.427737" />
  <testcase classname="core.unittests" name="test_iaf_psp.sli" time="0.506202" />
  <testcase classname="core.unittests" name="test_iaf_ps_psp_accuracy.sli" time="0.55124" />
  <testcase classname="core.unittests" name="test_iaf_ps_psp_poisson_accuracy.sli" time="0.518853" />
  <testcase classname="core.unittests" name="test_iaf_ps_psp_poisson_generator_accuracy.sli" time="0.589546" />
  <testcase classname="core.unittests" name="test_iaf_ps_psp_poisson_spike_accuracy.sli" time="0.655574" />
  <testcase classname="core.unittests" name="test_iaf.sli" time="0.393361" />
  <testcase classname="core.unittests" name="test_inhomogeneous_poisson_generator.sli" time="0.571639" />
  <testcase classname="core.unittests" name="test_inh_stdp_synapse.sli" time="0.639263" />
  <testcase classname="core.unittests" name="test_lambertw.sli" time="0.463906" />
  <testcase classname="core.unittests" name="test_MapIndexed.sli" time="0.511034" />
  <testcase classname="core.unittests" name="test_Map.sli" time="0.482304" />
  <testcase classname="core.unittests" name="test_mat2_psc_exp.sli" time="0.466868" />
  <testcase classname="core.unittests" name="test_max_delay.sli" time="0.403438" />
  <testcase classname="core.unittests" name="test_message.sli" time="0.572001" />
  <testcase classname="core.unittests" name="test_min_delay.sli" time="0.355957" />
  <testcase classname="core.unittests" name="test_min_delay_tics_reset.sli" time="0.439035" />
  <testcase classname="core.unittests" name="test_mip_corrdet.sli" time="1.6399" />
  <testcase classname="core.unittests" name="test_multimeter_accu.sli" time="1.02187" />
  <testcase classname="core.unittests" name="test_multimeter_freeze_thaw.sli" time="4.57467" />
  <testcase classname="core.unittests" name="test_multimeter_offset.sli" time="0.355929" />
  <testcase classname="core.unittests" name="test_multimeter.sli" time="1.24656" />
  <testcase classname="core.unittests" name="test_multimeter_stepping.sli" time="1.60615" />
  <testcase classname="core.unittests" name="test_multimeter_support.sli" time="1.09136" />
  <testcase classname="core.unittests" name="test_multiple_multimeter.sli" time="1.02323" />
  <testcase classname="core.unittests" name="test_multiple_random_source_stepping.sli" time="0.378365" />
  <testcase classname="core.unittests" name="test_multisynapse_models.sli" time="0.406929" />
  <testcase classname="core.unittests" name="test_multithreading_devices.sli" time="0.39805" />
  <testcase classname="core.unittests" name="test_multithreading.sli" time="0.540872" />
  <testcase classname="core.unittests" name="test_neurons_handle_multiplicity.sli" time="0.692391" />
  <testcase classname="core.unittests" name="test_noise_generator.sli" time="1.01212" />
  <testcase classname="core.unittests" name="test_poisson_generator_campbell_alpha.sli" time="1.60871" />
  <testcase classname="core.unittests" name="test_poisson_generator_ps.sli" time="0.501217" />
  <testcase classname="core.unittests" name="test_poisson_ps_intervals.sli" time="0.645727" />
  <testcase classname="core.unittests" name="test_poisson_ps_min_interval.sli" time="0.636282" />
  <testcase classname="core.unittests" name="test_ppd_sup_generator.sli" time="0.805862" />
  <testcase classname="core.unittests" name="test_pp_pop_psc_delta.sli" time="4.91016" />
  <testcase classname="core.unittests" name="test_pp_psc_delta.sli" time="7.20421" />
  <testcase classname="core.unittests" name="test_psp_amplitude_consistency.sli" time="0.772899" />
  <testcase classname="core.unittests" name="test_pulsepacket_generator.sli" time="0.470665" />
  <testcase classname="core.unittests" name="test_random_binomial.sli" time="0.683129" />
  <testcase classname="core.unittests" name="test_random_clipped.sli" time="0.416222" />
  <testcase classname="core.unittests" name="test_random.sli" time="0.532921" />
  <testcase classname="core.unittests" name="test_rate_connections.sli" time="0.846251" />
  <testcase classname="core.unittests" name="test_rdv_discreteness.sli" time="0.3461" />
  <testcase classname="core.unittests" name="test_rdv_param_setting.sli" time="0.466727" />
  <testcase classname="core.unittests" name="test_recorder_close_flush.sli" time="0.506914" />
  <testcase classname="core.unittests" name="test_rng_seeds.sli" time="0.570018" />
  <testcase classname="core.unittests" name="test_round.sli" time="0.495575" />
  <testcase classname="core.unittests" name="test_setconnections_threads.sli" time="0.47781" />
  <testcase classname="core.unittests" name="test_set_delay_extrema.sli" time="0.470365" />
  <testcase classname="core.unittests" name="test_set_start_stop_origin.sli" time="0.723737" />
  <testcase classname="core.unittests" name="test_set_tics.sli" time="0.444106" />
  <testcase classname="core.unittests" name="test_set_Vm.sli" time="0.970986" />
  <testcase classname="core.unittests" name="test_sinusoidal_gamma_generator.sli" time="0.763408" />
  <testcase classname="core.unittests" name="test_sinusoidal_poisson_generator.sli" time="0.640515" />
  <testcase classname="core.unittests" name="test_sli_neuron.sli" time="4.9421" />
  <testcase classname="core.unittests" name="test_sort.sli" time="0.325629" />
  <testcase classname="core.unittests" name="test_spike_detector.sli" time="0.501371" />
  <testcase classname="core.unittests" name="test_spike_det_reset.sli" time="0.518718" />
  <testcase classname="core.unittests" name="test_spike_dilutor.sli" time="0.516811" />
  <testcase classname="core.unittests" name="test_spike_generator.sli" time="0.725223" />
  <testcase classname="core.unittests" name="test_spike_poisson_ps_base2.sli" time="1.47038" />
  <testcase classname="core.unittests" name="test_spike_poisson_ps.sli" time="0.57347" />
  <testcase classname="core.unittests" name="test_spike_transmission_ps_iaf.sli" time="0.43097" />
  <testcase classname="core.unittests" name="test_spike_transmission_ps.sli" time="0.51685" />
  <testcase classname="core.unittests" name="test_spin_detector.sli" time="0.562254" />
  <testcase classname="core.unittests" name="test_stdp_synapse.sli" time="0.760423" />
  <testcase classname="core.unittests" name="test_step_current_generator.sli" time="0.499528" />
  <testcase classname="core.unittests" name="test_steppedsim.sli" time="0.450611" />
  <testcase classname="core.unittests" name="test_supports_precise_spikes_flag.sli" time="0.476882" />
  <testcase classname="core.unittests" name="test_symmetric_connections.sli" time="0.570468" />
  <testcase classname="core.unittests" name="test_syn_hom_w.sli" time="0.464361" />
  <testcase classname="core.unittests" name="test_thread_local_ids.sli" time="0.442287" />
  <testcase classname="core.unittests" name="test_time_input.sli" time="0.495793" />
  <testcase classname="core.unittests" name="test_tsodyks_depressing.sli" time="0.659055" />
  <testcase classname="core.unittests" name="test_tsodyks_facilitating.sli" time="0.824639" />
  <testcase classname="core.unittests" name="test_two_devices.sli" time="0.514776" />
  <testcase classname="core.unittests" name="test_voltmeter_reset.sli" time="0.395266" />
  <testcase classname="core.unittests" name="test_wfr_settings.sli" time="0.525719" />
  <testcase classname="core.topology.unittests" name="test_distance.sli" time="4.8914" />
  <testcase classname="core.topology.unittests" name="test_free_mask_circ_anchor_00.sli" time="0.431069" />
  <testcase classname="core.topology.unittests" name="test_free_mask_circ_anchor_01.sli" time="0.480267" />
  <testcase classname="core.topology.unittests" name="test_free_mask_circ_anchor_10.sli" time="0.427426" />
  <testcase classname="core.topology.unittests" name="test_free_mask_circ_anchor_11.sli" time="0.497361" />
  <testcase classname="core.topology.unittests" name="test_free_mask_donut_anchor_00.sli" time="0.374048" />
  <testcase classname="core.topology.unittests" name="test_free_mask_donut_anchor_01.sli" time="0.505257" />
  <testcase classname="core.topology.unittests" name="test_free_mask_donut_anchor_10.sli" time="0.498365" />
  <testcase classname="core.topology.unittests" name="test_free_mask_donut_anchor_11.sli" time="0.495407" />
  <testcase classname="core.topology.unittests" name="test_free_mask_rect_00.sli" time="0.472566" />
  <testcase classname="core.topology.unittests" name="test_free_mask_rect_01.sli" time="0.536153" />
  <testcase classname="core.topology.unittests" name="test_free_mask_rect_11.sli" time="0.489313" />
  <testcase classname="core.topology.unittests" name="test_free_mask_rect_13.sli" time="0.47436" />
  <testcase classname="core.topology.unittests" name="test_oversize_mask.sli" time="0.558732" />
  <testcase classname="core.topology.unittests" name="test_reg_mask_circ_anchor_00.sli" time="0.501328" />
  <testcase classname="core.topology.unittests" name="test_reg_mask_circ_anchor_01.sli" time="0.50046" />
  <testcase classname="core.topology.unittests" name="test_reg_mask_circ_anchor_10.sli" time="0.525197" />
  <testcase classname="core.topology.unittests" name="test_reg_mask_circ_anchor_11.sli" time="0.500082" />
  <testcase classname="core.topology.unittests" name="test_reg_mask_donut_anchor_00.sli" time="0.419811" />
  <testcase classname="core.topology.unittests" name="test_reg_mask_donut_anchor_01.sli" time="0.456559" />
  <testcase classname="core.topology.unittests" name="test_reg_mask_donut_anchor_10.sli" time="0.430906" />
  <testcase classname="core.topology.unittests" name="test_reg_mask_donut_anchor_11.sli" time="0.375404" />
  <testcase classname="core.topology.unittests" name="test_reg_mask_grid_anchor_00.sli" time="0.478535" />
  <testcase classname="core.topology.unittests" name="test_reg_mask_grid_anchor_01.sli" time="0.467414" />
  <testcase classname="core.topology.unittests" name="test_reg_mask_grid_anchor_02.sli" time="0.449628" />
  <testcase classname="core.topology.unittests" name="test_reg_mask_grid_anchor_03.sli" time="0.413002" />
  <testcase classname="core.topology.unittests" name="test_reg_mask_grid_anchor_04.sli" time="0.501879" />
  <testcase classname="core.topology.unittests" name="test_reg_mask_grid_anchor_05.sli" time="0.51906" />
  <testcase classname="core.topology.unittests" name="test_reg_mask_grid_anchor_06.sli" time="5.10993" />
  <testcase classname="core.topology.unittests" name="test_reg_mask_grid_anchor_10.sli" time="0.419448" />
  <testcase classname="core.topology.unittests" name="test_reg_mask_grid_anchor_11.sli" time="0.448149" />
  <testcase classname="core.topology.unittests" name="test_reg_mask_grid_anchor_13.sli" time="0.485515" />
  <testcase classname="core.topology.unittests" name="test_reg_mask_grid_anchor_15.sli" time="0.604086" />
  <testcase classname="core.topology.unittests" name="test_reg_mask_rect_00.sli" time="0.614045" />
  <testcase classname="core.topology.unittests" name="test_reg_mask_rect_01.sli" time="0.455249" />
  <testcase classname="core.topology.unittests" name="test_reg_mask_rect_02.sli" time="0.453724" />
  <testcase classname="core.topology.unittests" name="test_reg_mask_rect_10.sli" time="0.487653" />
  <testcase classname="core.topology.unittests" name="test_reg_mask_rect_11.sli" time="0.457968" />
  <testcase classname="core.topology.unittests" name="test_rows_cols_pos.sli" time="0.357232" />
  <testcase classname="core.topology.unittests" name="test_weight_delay_free.sli" time="0.424252" />
  <testcase classname="core.topology.unittests" name="test_weight_delay.sli" time="0.386757" />
  <system-out><![CDATA[]]></system-out>
  <system-err><![CDATA[]]></system-err>
</testsuite>
